<?xml version="1.0" encoding="UTF-8"?>
<!-- Generated by org.testng.reporters.JUnitReportReporter -->
<testsuite hostname="DESKTOP-9QSEPRP" failures="0" tests="6" name="runners.TestRunner" time="57.757" errors="0" timestamp="2024-07-02T13:31:45 EET" skipped="0">
  <testcase classname="runners.TestRunner" name="runScenario" time="8.327"/>
  <system-out/>
  <testcase classname="runners.TestRunner" name="runScenario" time="8.469"/>
  <system-out/>
  <testcase classname="runners.TestRunner" name="runScenario" time="8.998"/>
  <system-out/>
  <testcase classname="runners.TestRunner" name="runScenario" time="9.846"/>
  <system-out/>
  <testcase classname="runners.TestRunner" name="runScenario" time="10.129"/>
  <system-out/>
  <testcase classname="runners.TestRunner" name="runScenario" time="11.988"/>
  <system-out/>
</testsuite> <!-- runners.TestRunner -->
